d:\git\cmproject\qtopencv\qtopencv\x64\debug\qrc_qtwidgetsapplication1.obj
d:\git\cmproject\qtopencv\qtopencv\x64\debug\moc_qtwidgetsapplication1.obj
d:\git\cmproject\qtopencv\qtopencv\x64\debug\main.obj
d:\git\cmproject\qtopencv\qtopencv\x64\debug\qtwidgetsapplication1.obj
d:\git\cmproject\qtopencv\qtopencv\x64\debug\vc142.pdb
d:\git\cmproject\qtopencv\qtopencv\x64\debug\moc\moc_qtwidgetsapplication1.cpp
d:\git\cmproject\qtopencv\qtopencv\x64\debug\uic\ui_qtwidgetsapplication1.h
d:\git\cmproject\qtopencv\qtopencv\x64\debug\rcc\qrc_qtwidgetsapplication1.cpp
d:\git\cmproject\qtopencv\qtopencv\x64\debug\qtwidgetsapplication1.pdb
d:\git\cmproject\qtopencv\qtopencv\x64\debug\qtwidget.f6cd6e29.tlog\cl.14672.write.1.tlog
d:\git\cmproject\qtopencv\qtopencv\x64\debug\qtwidget.f6cd6e29.tlog\cl.command.1.tlog
d:\git\cmproject\qtopencv\qtopencv\x64\debug\qtwidget.f6cd6e29.tlog\cl.read.1.tlog
d:\git\cmproject\qtopencv\qtopencv\x64\debug\qtwidget.f6cd6e29.tlog\link-cvtres.read.1.tlog
d:\git\cmproject\qtopencv\qtopencv\x64\debug\qtwidget.f6cd6e29.tlog\link-cvtres.write.1.tlog
d:\git\cmproject\qtopencv\qtopencv\x64\debug\qtwidget.f6cd6e29.tlog\link-rc.read.1.tlog
d:\git\cmproject\qtopencv\qtopencv\x64\debug\qtwidget.f6cd6e29.tlog\link-rc.write.1.tlog
d:\git\cmproject\qtopencv\qtopencv\x64\debug\qtwidget.f6cd6e29.tlog\link.command.1.tlog
d:\git\cmproject\qtopencv\qtopencv\x64\debug\qtwidget.f6cd6e29.tlog\link.read.1.tlog
d:\git\cmproject\qtopencv\qtopencv\x64\debug\qtwidget.f6cd6e29.tlog\link.write.1.tlog
d:\git\cmproject\qtopencv\qtopencv\x64\debug\qtwidget.f6cd6e29.tlog\moc.read.1u.tlog
d:\git\cmproject\qtopencv\qtopencv\x64\debug\qtwidget.f6cd6e29.tlog\moc.write.1u.tlog
d:\git\cmproject\qtopencv\qtopencv\x64\debug\qtwidget.f6cd6e29.tlog\qtwidgetsapplication1.write.1u.tlog
d:\git\cmproject\qtopencv\qtopencv\x64\debug\qtwidget.f6cd6e29.tlog\rcc.read.1u.tlog
d:\git\cmproject\qtopencv\qtopencv\x64\debug\qtwidget.f6cd6e29.tlog\rcc.write.1u.tlog
d:\git\cmproject\qtopencv\qtopencv\x64\debug\qtwidget.f6cd6e29.tlog\uic.read.1u.tlog
d:\git\cmproject\qtopencv\qtopencv\x64\debug\qtwidget.f6cd6e29.tlog\uic.write.1u.tlog
